{"/mnt/1AF4BBB9F4BB960B/Web Dev/software-testing/repo/integration-testing/server.js": {"path":"/mnt/1AF4BBB9F4BB960B/Web Dev/software-testing/repo/integration-testing/server.js","statementMap":{"0":{"start":{"line":1,"column":27},"end":{"line":1,"column":46}},"1":{"start":{"line":3,"column":12},"end":{"line":3,"column":32}},"2":{"start":{"line":6,"column":40},"end":{"line":6,"column":51}},"3":{"start":{"line":9,"column":15},"end":{"line":16,"column":2}},"4":{"start":{"line":10,"column":4},"end":{"line":13,"column":6}},"5":{"start":{"line":15,"column":4},"end":{"line":15,"column":29}},"6":{"start":{"line":18,"column":0},"end":{"line":18,"column":24}}},"fnMap":{"0":{"name":"(anonymous_0)","decl":{"start":{"line":9,"column":32},"end":{"line":9,"column":33}},"loc":{"start":{"line":9,"column":44},"end":{"line":16,"column":1}},"line":9}},"branchMap":{"0":{"loc":{"start":{"line":6,"column":8},"end":{"line":6,"column":19}},"type":"default-arg","locations":[{"start":{"line":6,"column":15},"end":{"line":6,"column":19}}],"line":6}},"s":{"0":1,"1":1,"2":1,"3":1,"4":1,"5":1,"6":1},"f":{"0":1},"b":{"0":[0]},"_coverageSchema":"1a1c01bbd47fc00a2c39e90264f33305004495a9","hash":"9c1067c761c16fae00877e9dd7c8da02bccde6a0"}
,"/mnt/1AF4BBB9F4BB960B/Web Dev/software-testing/repo/integration-testing/config/db.js": {"path":"/mnt/1AF4BBB9F4BB960B/Web Dev/software-testing/repo/integration-testing/config/db.js","statementMap":{"0":{"start":{"line":1,"column":17},"end":{"line":1,"column":36}},"1":{"start":{"line":23,"column":18},"end":{"line":39,"column":1}},"2":{"start":{"line":25,"column":15},"end":{"line":28,"column":5}},"3":{"start":{"line":31,"column":4},"end":{"line":38,"column":10}},"4":{"start":{"line":34,"column":12},"end":{"line":37,"column":13}},"5":{"start":{"line":41,"column":0},"end":{"line":41,"column":35}},"6":{"start":{"line":43,"column":0},"end":{"line":45,"column":2}}},"fnMap":{"0":{"name":"(anonymous_0)","decl":{"start":{"line":23,"column":18},"end":{"line":23,"column":19}},"loc":{"start":{"line":23,"column":69},"end":{"line":39,"column":1}},"line":23},"1":{"name":"(anonymous_1)","decl":{"start":{"line":33,"column":14},"end":{"line":33,"column":15}},"loc":{"start":{"line":34,"column":12},"end":{"line":37,"column":13}},"line":34}},"branchMap":{},"s":{"0":2,"1":2,"2":2,"3":2,"4":2,"5":2,"6":2},"f":{"0":2,"1":2},"b":{},"_coverageSchema":"1a1c01bbd47fc00a2c39e90264f33305004495a9","hash":"af5b1026577eca748618ad6885903861c3d782f3"}
,"/mnt/1AF4BBB9F4BB960B/Web Dev/software-testing/repo/integration-testing/config/index.js": {"path":"/mnt/1AF4BBB9F4BB960B/Web Dev/software-testing/repo/integration-testing/config/index.js","statementMap":{"0":{"start":{"line":1,"column":0},"end":{"line":1,"column":18}},"1":{"start":{"line":2,"column":15},"end":{"line":2,"column":32}},"2":{"start":{"line":3,"column":18},"end":{"line":3,"column":43}},"3":{"start":{"line":4,"column":0},"end":{"line":4,"column":35}},"4":{"start":{"line":6,"column":11},"end":{"line":6,"column":26}},"5":{"start":{"line":15,"column":4},"end":{"line":15,"column":15}},"6":{"start":{"line":18,"column":27},"end":{"line":22,"column":2}},"7":{"start":{"line":24,"column":0},"end":{"line":24,"column":36}}},"fnMap":{},"branchMap":{"0":{"loc":{"start":{"line":20,"column":14},"end":{"line":20,"column":59}},"type":"cond-expr","locations":[{"start":{"line":20,"column":35},"end":{"line":20,"column":48}},{"start":{"line":20,"column":51},"end":{"line":20,"column":59}}],"line":20}},"s":{"0":2,"1":2,"2":2,"3":2,"4":2,"5":2,"6":2,"7":2},"f":{},"b":{"0":[2,0]},"_coverageSchema":"1a1c01bbd47fc00a2c39e90264f33305004495a9","hash":"309caf7df1ec6f5e46154c0a4c09a038b32986b5"}
,"/mnt/1AF4BBB9F4BB960B/Web Dev/software-testing/repo/integration-testing/src/app.js": {"path":"/mnt/1AF4BBB9F4BB960B/Web Dev/software-testing/repo/integration-testing/src/app.js","statementMap":{"0":{"start":{"line":1,"column":16},"end":{"line":1,"column":34}},"1":{"start":{"line":2,"column":20},"end":{"line":2,"column":44}},"2":{"start":{"line":3,"column":15},"end":{"line":3,"column":34}},"3":{"start":{"line":5,"column":12},"end":{"line":5,"column":21}},"4":{"start":{"line":8,"column":19},"end":{"line":8,"column":35}},"5":{"start":{"line":11,"column":0},"end":{"line":11,"column":17}},"6":{"start":{"line":14,"column":0},"end":{"line":14,"column":12}},"7":{"start":{"line":17,"column":0},"end":{"line":17,"column":18}},"8":{"start":{"line":19,"column":0},"end":{"line":19,"column":21}}},"fnMap":{},"branchMap":{},"s":{"0":1,"1":1,"2":1,"3":1,"4":1,"5":1,"6":1,"7":1,"8":1},"f":{},"b":{},"_coverageSchema":"1a1c01bbd47fc00a2c39e90264f33305004495a9","hash":"1d1167581188a03bbff3a91333cbe848ef293109"}
,"/mnt/1AF4BBB9F4BB960B/Web Dev/software-testing/repo/integration-testing/src/controllers/CRUDController.js": {"path":"/mnt/1AF4BBB9F4BB960B/Web Dev/software-testing/repo/integration-testing/src/controllers/CRUDController.js","statementMap":{"0":{"start":{"line":6,"column":4},"end":{"line":6,"column":23}},"1":{"start":{"line":7,"column":16},"end":{"line":7,"column":36}},"2":{"start":{"line":20,"column":8},"end":{"line":20,"column":27}},"3":{"start":{"line":21,"column":8},"end":{"line":21,"column":42}},"4":{"start":{"line":22,"column":8},"end":{"line":22,"column":39}},"5":{"start":{"line":44,"column":33},"end":{"line":65,"column":9}},"6":{"start":{"line":45,"column":31},"end":{"line":45,"column":49}},"7":{"start":{"line":46,"column":29},"end":{"line":46,"column":41}},"8":{"start":{"line":47,"column":31},"end":{"line":47,"column":33}},"9":{"start":{"line":50,"column":12},"end":{"line":55,"column":13}},"10":{"start":{"line":51,"column":16},"end":{"line":54,"column":18}},"11":{"start":{"line":57,"column":12},"end":{"line":62,"column":13}},"12":{"start":{"line":58,"column":16},"end":{"line":61,"column":18}},"13":{"start":{"line":64,"column":12},"end":{"line":64,"column":30}},"14":{"start":{"line":67,"column":8},"end":{"line":93,"column":11}},"15":{"start":{"line":69,"column":16},"end":{"line":69,"column":23}},"16":{"start":{"line":72,"column":32},"end":{"line":72,"column":58}},"17":{"start":{"line":73,"column":34},"end":{"line":73,"column":66}},"18":{"start":{"line":74,"column":32},"end":{"line":74,"column":74}},"19":{"start":{"line":75,"column":34},"end":{"line":75,"column":75}},"20":{"start":{"line":77,"column":30},"end":{"line":77,"column":73}},"21":{"start":{"line":78,"column":25},"end":{"line":85,"column":14}},"22":{"start":{"line":86,"column":31},"end":{"line":86,"column":71}},"23":{"start":{"line":88,"column":12},"end":{"line":92,"column":15}},"24":{"start":{"line":103,"column":8},"end":{"line":118,"column":11}},"25":{"start":{"line":104,"column":24},"end":{"line":107,"column":13}},"26":{"start":{"line":109,"column":12},"end":{"line":113,"column":13}},"27":{"start":{"line":110,"column":16},"end":{"line":112,"column":18}},"28":{"start":{"line":115,"column":12},"end":{"line":117,"column":15}},"29":{"start":{"line":126,"column":8},"end":{"line":132,"column":11}},"30":{"start":{"line":127,"column":27},"end":{"line":127,"column":65}},"31":{"start":{"line":129,"column":12},"end":{"line":131,"column":15}},"32":{"start":{"line":140,"column":8},"end":{"line":155,"column":11}},"33":{"start":{"line":141,"column":27},"end":{"line":144,"column":13}},"34":{"start":{"line":146,"column":12},"end":{"line":150,"column":13}},"35":{"start":{"line":147,"column":16},"end":{"line":149,"column":18}},"36":{"start":{"line":152,"column":12},"end":{"line":154,"column":15}},"37":{"start":{"line":163,"column":8},"end":{"line":177,"column":11}},"38":{"start":{"line":164,"column":28},"end":{"line":164,"column":69}},"39":{"start":{"line":166,"column":12},"end":{"line":170,"column":13}},"40":{"start":{"line":167,"column":16},"end":{"line":169,"column":18}},"41":{"start":{"line":172,"column":12},"end":{"line":172,"column":56}},"42":{"start":{"line":174,"column":12},"end":{"line":176,"column":15}},"43":{"start":{"line":181,"column":0},"end":{"line":181,"column":32}}},"fnMap":{"0":{"name":"(anonymous_0)","decl":{"start":{"line":19,"column":4},"end":{"line":19,"column":5}},"loc":{"start":{"line":19,"column":46},"end":{"line":23,"column":5}},"line":19},"1":{"name":"(anonymous_1)","decl":{"start":{"line":35,"column":4},"end":{"line":35,"column":5}},"loc":{"start":{"line":43,"column":6},"end":{"line":94,"column":5}},"line":43},"2":{"name":"(anonymous_2)","decl":{"start":{"line":44,"column":33},"end":{"line":44,"column":34}},"loc":{"start":{"line":44,"column":57},"end":{"line":65,"column":9}},"line":44},"3":{"name":"(anonymous_3)","decl":{"start":{"line":67,"column":26},"end":{"line":67,"column":27}},"loc":{"start":{"line":67,"column":52},"end":{"line":93,"column":9}},"line":67},"4":{"name":"(anonymous_4)","decl":{"start":{"line":102,"column":4},"end":{"line":102,"column":5}},"loc":{"start":{"line":102,"column":40},"end":{"line":119,"column":5}},"line":102},"5":{"name":"(anonymous_5)","decl":{"start":{"line":103,"column":26},"end":{"line":103,"column":27}},"loc":{"start":{"line":103,"column":52},"end":{"line":118,"column":9}},"line":103},"6":{"name":"(anonymous_6)","decl":{"start":{"line":125,"column":4},"end":{"line":125,"column":5}},"loc":{"start":{"line":125,"column":16},"end":{"line":133,"column":5}},"line":125},"7":{"name":"(anonymous_7)","decl":{"start":{"line":126,"column":26},"end":{"line":126,"column":27}},"loc":{"start":{"line":126,"column":52},"end":{"line":132,"column":9}},"line":126},"8":{"name":"(anonymous_8)","decl":{"start":{"line":139,"column":4},"end":{"line":139,"column":5}},"loc":{"start":{"line":139,"column":16},"end":{"line":156,"column":5}},"line":139},"9":{"name":"(anonymous_9)","decl":{"start":{"line":140,"column":26},"end":{"line":140,"column":27}},"loc":{"start":{"line":140,"column":52},"end":{"line":155,"column":9}},"line":140},"10":{"name":"(anonymous_10)","decl":{"start":{"line":162,"column":4},"end":{"line":162,"column":5}},"loc":{"start":{"line":162,"column":16},"end":{"line":178,"column":5}},"line":162},"11":{"name":"(anonymous_11)","decl":{"start":{"line":163,"column":26},"end":{"line":163,"column":27}},"loc":{"start":{"line":163,"column":52},"end":{"line":177,"column":9}},"line":163}},"branchMap":{"0":{"loc":{"start":{"line":19,"column":23},"end":{"line":19,"column":44}},"type":"default-arg","locations":[{"start":{"line":19,"column":33},"end":{"line":19,"column":44}}],"line":19},"1":{"loc":{"start":{"line":36,"column":8},"end":{"line":42,"column":9}},"type":"default-arg","locations":[{"start":{"line":36,"column":18},"end":{"line":42,"column":9}}],"line":36},"2":{"loc":{"start":{"line":50,"column":12},"end":{"line":55,"column":13}},"type":"if","locations":[{"start":{"line":50,"column":12},"end":{"line":55,"column":13}},{"start":{},"end":{}}],"line":50},"3":{"loc":{"start":{"line":57,"column":12},"end":{"line":62,"column":13}},"type":"if","locations":[{"start":{"line":57,"column":12},"end":{"line":62,"column":13}},{"start":{},"end":{}}],"line":57},"4":{"loc":{"start":{"line":102,"column":11},"end":{"line":102,"column":38}},"type":"default-arg","locations":[{"start":{"line":102,"column":21},"end":{"line":102,"column":38}}],"line":102},"5":{"loc":{"start":{"line":109,"column":12},"end":{"line":113,"column":13}},"type":"if","locations":[{"start":{"line":109,"column":12},"end":{"line":113,"column":13}},{"start":{},"end":{}}],"line":109},"6":{"loc":{"start":{"line":146,"column":12},"end":{"line":150,"column":13}},"type":"if","locations":[{"start":{"line":146,"column":12},"end":{"line":150,"column":13}},{"start":{},"end":{}}],"line":146},"7":{"loc":{"start":{"line":166,"column":12},"end":{"line":170,"column":13}},"type":"if","locations":[{"start":{"line":166,"column":12},"end":{"line":170,"column":13}},{"start":{},"end":{}}],"line":166}},"s":{"0":1,"1":1,"2":1,"3":1,"4":1,"5":1,"6":0,"7":0,"8":0,"9":0,"10":0,"11":0,"12":0,"13":0,"14":1,"15":0,"16":0,"17":0,"18":0,"19":0,"20":0,"21":0,"22":0,"23":0,"24":1,"25":0,"26":0,"27":0,"28":0,"29":1,"30":0,"31":0,"32":1,"33":0,"34":0,"35":0,"36":0,"37":1,"38":0,"39":0,"40":0,"41":0,"42":0,"43":1},"f":{"0":1,"1":1,"2":0,"3":0,"4":1,"5":0,"6":1,"7":0,"8":1,"9":0,"10":1,"11":0},"b":{"0":[0],"1":[1],"2":[0,0],"3":[0,0],"4":[1],"5":[0,0],"6":[0,0],"7":[0,0]},"_coverageSchema":"1a1c01bbd47fc00a2c39e90264f33305004495a9","hash":"48d37927930d79b2cfccd19eaabda96bf7cefe57"}
,"/mnt/1AF4BBB9F4BB960B/Web Dev/software-testing/repo/integration-testing/src/controllers/Service.js": {"path":"/mnt/1AF4BBB9F4BB960B/Web Dev/software-testing/repo/integration-testing/src/controllers/Service.js","statementMap":{"0":{"start":{"line":10,"column":8},"end":{"line":10,"column":27}},"1":{"start":{"line":20,"column":26},"end":{"line":20,"column":80}},"2":{"start":{"line":21,"column":8},"end":{"line":21,"column":25}},"3":{"start":{"line":30,"column":20},"end":{"line":30,"column":49}},"4":{"start":{"line":31,"column":8},"end":{"line":31,"column":34}},"5":{"start":{"line":55,"column":8},"end":{"line":82,"column":9}},"6":{"start":{"line":63,"column":16},"end":{"line":63,"column":23}},"7":{"start":{"line":64,"column":31},"end":{"line":64,"column":49}},"8":{"start":{"line":66,"column":26},"end":{"line":71,"column":38}},"9":{"start":{"line":74,"column":12},"end":{"line":74,"column":62}},"10":{"start":{"line":74,"column":40},"end":{"line":74,"column":60}},"11":{"start":{"line":77,"column":25},"end":{"line":77,"column":36}},"12":{"start":{"line":79,"column":12},"end":{"line":79,"column":24}},"13":{"start":{"line":81,"column":12},"end":{"line":81,"column":22}},"14":{"start":{"line":93,"column":22},"end":{"line":93,"column":45}},"15":{"start":{"line":96,"column":8},"end":{"line":96,"column":66}},"16":{"start":{"line":96,"column":44},"end":{"line":96,"column":64}},"17":{"start":{"line":98,"column":20},"end":{"line":98,"column":31}},"18":{"start":{"line":100,"column":8},"end":{"line":100,"column":19}},"19":{"start":{"line":109,"column":23},"end":{"line":109,"column":54}},"20":{"start":{"line":111,"column":8},"end":{"line":111,"column":31}},"21":{"start":{"line":113,"column":8},"end":{"line":113,"column":22}},"22":{"start":{"line":123,"column":20},"end":{"line":126,"column":10}},"23":{"start":{"line":128,"column":8},"end":{"line":128,"column":19}},"24":{"start":{"line":137,"column":20},"end":{"line":137,"column":49}},"25":{"start":{"line":138,"column":8},"end":{"line":138,"column":27}},"26":{"start":{"line":142,"column":0},"end":{"line":142,"column":25}}},"fnMap":{"0":{"name":"(anonymous_0)","decl":{"start":{"line":9,"column":4},"end":{"line":9,"column":5}},"loc":{"start":{"line":9,"column":23},"end":{"line":11,"column":5}},"line":9},"1":{"name":"(anonymous_1)","decl":{"start":{"line":19,"column":4},"end":{"line":19,"column":5}},"loc":{"start":{"line":19,"column":49},"end":{"line":22,"column":5}},"line":19},"2":{"name":"(anonymous_2)","decl":{"start":{"line":29,"column":4},"end":{"line":29,"column":5}},"loc":{"start":{"line":29,"column":22},"end":{"line":32,"column":5}},"line":29},"3":{"name":"(anonymous_3)","decl":{"start":{"line":45,"column":4},"end":{"line":45,"column":5}},"loc":{"start":{"line":54,"column":6},"end":{"line":83,"column":5}},"line":54},"4":{"name":"(anonymous_4)","decl":{"start":{"line":74,"column":30},"end":{"line":74,"column":31}},"loc":{"start":{"line":74,"column":40},"end":{"line":74,"column":60}},"line":74},"5":{"name":"(anonymous_5)","decl":{"start":{"line":92,"column":4},"end":{"line":92,"column":5}},"loc":{"start":{"line":92,"column":50},"end":{"line":101,"column":5}},"line":92},"6":{"name":"(anonymous_6)","decl":{"start":{"line":96,"column":34},"end":{"line":96,"column":35}},"loc":{"start":{"line":96,"column":44},"end":{"line":96,"column":64}},"line":96},"7":{"name":"(anonymous_7)","decl":{"start":{"line":108,"column":4},"end":{"line":108,"column":5}},"loc":{"start":{"line":108,"column":33},"end":{"line":114,"column":5}},"line":108},"8":{"name":"(anonymous_8)","decl":{"start":{"line":122,"column":4},"end":{"line":122,"column":5}},"loc":{"start":{"line":122,"column":37},"end":{"line":129,"column":5}},"line":122},"9":{"name":"(anonymous_9)","decl":{"start":{"line":136,"column":4},"end":{"line":136,"column":5}},"loc":{"start":{"line":136,"column":24},"end":{"line":139,"column":5}},"line":136}},"branchMap":{"0":{"loc":{"start":{"line":19,"column":16},"end":{"line":19,"column":47}},"type":"default-arg","locations":[{"start":{"line":19,"column":26},"end":{"line":19,"column":47}}],"line":19},"1":{"loc":{"start":{"line":31,"column":15},"end":{"line":31,"column":33}},"type":"cond-expr","locations":[{"start":{"line":31,"column":21},"end":{"line":31,"column":25}},{"start":{"line":31,"column":28},"end":{"line":31,"column":33}}],"line":31},"2":{"loc":{"start":{"line":46,"column":8},"end":{"line":53,"column":9}},"type":"default-arg","locations":[{"start":{"line":46,"column":18},"end":{"line":53,"column":9}}],"line":46},"3":{"loc":{"start":{"line":92,"column":21},"end":{"line":92,"column":48}},"type":"default-arg","locations":[{"start":{"line":92,"column":31},"end":{"line":92,"column":48}}],"line":92},"4":{"loc":{"start":{"line":108,"column":20},"end":{"line":108,"column":31}},"type":"default-arg","locations":[{"start":{"line":108,"column":29},"end":{"line":108,"column":31}}],"line":108},"5":{"loc":{"start":{"line":122,"column":24},"end":{"line":122,"column":35}},"type":"default-arg","locations":[{"start":{"line":122,"column":33},"end":{"line":122,"column":35}}],"line":122}},"s":{"0":2,"1":2,"2":2,"3":2,"4":2,"5":2,"6":2,"7":2,"8":2,"9":2,"10":0,"11":2,"12":2,"13":0,"14":1,"15":1,"16":0,"17":1,"18":1,"19":1,"20":1,"21":1,"22":1,"23":1,"24":1,"25":1,"26":2},"f":{"0":2,"1":2,"2":2,"3":2,"4":0,"5":1,"6":0,"7":1,"8":1,"9":1},"b":{"0":[2],"1":[1,1],"2":[2],"3":[1],"4":[0],"5":[0]},"_coverageSchema":"1a1c01bbd47fc00a2c39e90264f33305004495a9","hash":"23eb585168270b34b835bd62e66924aefe826265"}
,"/mnt/1AF4BBB9F4BB960B/Web Dev/software-testing/repo/integration-testing/src/controllers/bookController.js": {"path":"/mnt/1AF4BBB9F4BB960B/Web Dev/software-testing/repo/integration-testing/src/controllers/bookController.js","statementMap":{"0":{"start":{"line":1,"column":17},"end":{"line":1,"column":37}},"1":{"start":{"line":2,"column":23},"end":{"line":2,"column":50}},"2":{"start":{"line":4,"column":19},"end":{"line":4,"column":64}},"3":{"start":{"line":10,"column":20},"end":{"line":10,"column":39}},"4":{"start":{"line":17,"column":16},"end":{"line":17,"column":35}},"5":{"start":{"line":24,"column":19},"end":{"line":24,"column":41}},"6":{"start":{"line":31,"column":19},"end":{"line":31,"column":41}},"7":{"start":{"line":38,"column":19},"end":{"line":38,"column":41}},"8":{"start":{"line":40,"column":0},"end":{"line":46,"column":2}}},"fnMap":{},"branchMap":{},"s":{"0":1,"1":1,"2":1,"3":1,"4":1,"5":1,"6":1,"7":1,"8":1},"f":{},"b":{},"_coverageSchema":"1a1c01bbd47fc00a2c39e90264f33305004495a9","hash":"64ad71ce24f636d030c8fba0118c48705a28d9a5"}
,"/mnt/1AF4BBB9F4BB960B/Web Dev/software-testing/repo/integration-testing/src/controllers/globalErrorHandler.js": {"path":"/mnt/1AF4BBB9F4BB960B/Web Dev/software-testing/repo/integration-testing/src/controllers/globalErrorHandler.js","statementMap":{"0":{"start":{"line":1,"column":21},"end":{"line":1,"column":40}},"1":{"start":{"line":2,"column":27},"end":{"line":2,"column":38}},"2":{"start":{"line":10,"column":26},"end":{"line":13,"column":1}},"3":{"start":{"line":11,"column":20},"end":{"line":11,"column":55}},"4":{"start":{"line":12,"column":4},"end":{"line":12,"column":38}},"5":{"start":{"line":21,"column":32},"end":{"line":25,"column":1}},"6":{"start":{"line":22,"column":18},"end":{"line":22,"column":71}},"7":{"start":{"line":23,"column":20},"end":{"line":23,"column":80}},"8":{"start":{"line":24,"column":4},"end":{"line":24,"column":38}},"9":{"start":{"line":33,"column":32},"end":{"line":38,"column":1}},"10":{"start":{"line":34,"column":19},"end":{"line":34,"column":68}},"11":{"start":{"line":34,"column":57},"end":{"line":34,"column":67}},"12":{"start":{"line":35,"column":20},"end":{"line":35,"column":62}},"13":{"start":{"line":37,"column":4},"end":{"line":37,"column":38}},"14":{"start":{"line":47,"column":21},"end":{"line":57,"column":1}},"15":{"start":{"line":48,"column":4},"end":{"line":48,"column":39}},"16":{"start":{"line":50,"column":4},"end":{"line":56,"column":7}},"17":{"start":{"line":66,"column":22},"end":{"line":82,"column":1}},"18":{"start":{"line":67,"column":4},"end":{"line":81,"column":5}},"19":{"start":{"line":68,"column":8},"end":{"line":72,"column":11}},"20":{"start":{"line":74,"column":8},"end":{"line":74,"column":39}},"21":{"start":{"line":76,"column":8},"end":{"line":80,"column":11}},"22":{"start":{"line":92,"column":28},"end":{"line":112,"column":1}},"23":{"start":{"line":93,"column":4},"end":{"line":93,"column":43}},"24":{"start":{"line":94,"column":4},"end":{"line":94,"column":39}},"25":{"start":{"line":96,"column":4},"end":{"line":111,"column":5}},"26":{"start":{"line":97,"column":8},"end":{"line":97,"column":36}},"27":{"start":{"line":99,"column":20},"end":{"line":99,"column":68}},"28":{"start":{"line":102,"column":8},"end":{"line":108,"column":9}},"29":{"start":{"line":103,"column":12},"end":{"line":103,"column":45}},"30":{"start":{"line":104,"column":15},"end":{"line":108,"column":9}},"31":{"start":{"line":105,"column":12},"end":{"line":105,"column":51}},"32":{"start":{"line":106,"column":15},"end":{"line":108,"column":9}},"33":{"start":{"line":107,"column":12},"end":{"line":107,"column":51}},"34":{"start":{"line":110,"column":8},"end":{"line":110,"column":39}},"35":{"start":{"line":114,"column":0},"end":{"line":114,"column":37}}},"fnMap":{"0":{"name":"(anonymous_0)","decl":{"start":{"line":10,"column":26},"end":{"line":10,"column":27}},"loc":{"start":{"line":10,"column":41},"end":{"line":13,"column":1}},"line":10},"1":{"name":"(anonymous_1)","decl":{"start":{"line":21,"column":32},"end":{"line":21,"column":33}},"loc":{"start":{"line":21,"column":47},"end":{"line":25,"column":1}},"line":21},"2":{"name":"(anonymous_2)","decl":{"start":{"line":33,"column":32},"end":{"line":33,"column":33}},"loc":{"start":{"line":33,"column":47},"end":{"line":38,"column":1}},"line":33},"3":{"name":"(anonymous_3)","decl":{"start":{"line":34,"column":49},"end":{"line":34,"column":50}},"loc":{"start":{"line":34,"column":57},"end":{"line":34,"column":67}},"line":34},"4":{"name":"(anonymous_4)","decl":{"start":{"line":47,"column":21},"end":{"line":47,"column":22}},"loc":{"start":{"line":47,"column":40},"end":{"line":57,"column":1}},"line":47},"5":{"name":"(anonymous_5)","decl":{"start":{"line":66,"column":22},"end":{"line":66,"column":23}},"loc":{"start":{"line":66,"column":41},"end":{"line":82,"column":1}},"line":66},"6":{"name":"(anonymous_6)","decl":{"start":{"line":92,"column":28},"end":{"line":92,"column":29}},"loc":{"start":{"line":92,"column":53},"end":{"line":112,"column":1}},"line":92}},"branchMap":{"0":{"loc":{"start":{"line":67,"column":4},"end":{"line":81,"column":5}},"type":"if","locations":[{"start":{"line":67,"column":4},"end":{"line":81,"column":5}},{"start":{"line":73,"column":11},"end":{"line":81,"column":5}}],"line":67},"1":{"loc":{"start":{"line":93,"column":21},"end":{"line":93,"column":42}},"type":"binary-expr","locations":[{"start":{"line":93,"column":21},"end":{"line":93,"column":35}},{"start":{"line":93,"column":39},"end":{"line":93,"column":42}}],"line":93},"2":{"loc":{"start":{"line":94,"column":17},"end":{"line":94,"column":38}},"type":"binary-expr","locations":[{"start":{"line":94,"column":17},"end":{"line":94,"column":27}},{"start":{"line":94,"column":31},"end":{"line":94,"column":38}}],"line":94},"3":{"loc":{"start":{"line":96,"column":4},"end":{"line":111,"column":5}},"type":"if","locations":[{"start":{"line":96,"column":4},"end":{"line":111,"column":5}},{"start":{"line":98,"column":11},"end":{"line":111,"column":5}}],"line":96},"4":{"loc":{"start":{"line":102,"column":8},"end":{"line":108,"column":9}},"type":"if","locations":[{"start":{"line":102,"column":8},"end":{"line":108,"column":9}},{"start":{"line":104,"column":15},"end":{"line":108,"column":9}}],"line":102},"5":{"loc":{"start":{"line":104,"column":15},"end":{"line":108,"column":9}},"type":"if","locations":[{"start":{"line":104,"column":15},"end":{"line":108,"column":9}},{"start":{"line":106,"column":15},"end":{"line":108,"column":9}}],"line":104},"6":{"loc":{"start":{"line":106,"column":15},"end":{"line":108,"column":9}},"type":"if","locations":[{"start":{"line":106,"column":15},"end":{"line":108,"column":9}},{"start":{},"end":{}}],"line":106}},"s":{"0":1,"1":1,"2":1,"3":0,"4":0,"5":1,"6":0,"7":0,"8":0,"9":1,"10":0,"11":0,"12":0,"13":0,"14":1,"15":0,"16":0,"17":1,"18":0,"19":0,"20":0,"21":0,"22":1,"23":0,"24":0,"25":0,"26":0,"27":0,"28":0,"29":0,"30":0,"31":0,"32":0,"33":0,"34":0,"35":1},"f":{"0":0,"1":0,"2":0,"3":0,"4":0,"5":0,"6":0},"b":{"0":[0,0],"1":[0,0],"2":[0,0],"3":[0,0],"4":[0,0],"5":[0,0],"6":[0,0]},"_coverageSchema":"1a1c01bbd47fc00a2c39e90264f33305004495a9","hash":"06737687615ccfe41c7e94f9424ec52a41b4f50a"}
,"/mnt/1AF4BBB9F4BB960B/Web Dev/software-testing/repo/integration-testing/src/controllers/index.js": {"path":"/mnt/1AF4BBB9F4BB960B/Web Dev/software-testing/repo/integration-testing/src/controllers/index.js","statementMap":{"0":{"start":{"line":1,"column":23},"end":{"line":1,"column":50}},"1":{"start":{"line":2,"column":27},"end":{"line":2,"column":58}},"2":{"start":{"line":3,"column":31},"end":{"line":3,"column":66}},"3":{"start":{"line":5,"column":0},"end":{"line":11,"column":2}}},"fnMap":{},"branchMap":{},"s":{"0":1,"1":1,"2":1,"3":1},"f":{},"b":{},"_coverageSchema":"1a1c01bbd47fc00a2c39e90264f33305004495a9","hash":"e2a6f2fb4c34993f4970b908d036d0133d616791"}
,"/mnt/1AF4BBB9F4BB960B/Web Dev/software-testing/repo/integration-testing/src/controllers/undefinedRoutesHandler.js": {"path":"/mnt/1AF4BBB9F4BB960B/Web Dev/software-testing/repo/integration-testing/src/controllers/undefinedRoutesHandler.js","statementMap":{"0":{"start":{"line":1,"column":21},"end":{"line":1,"column":40}},"1":{"start":{"line":3,"column":31},"end":{"line":5,"column":1}},"2":{"start":{"line":4,"column":4},"end":{"line":4,"column":77}},"3":{"start":{"line":7,"column":0},"end":{"line":7,"column":40}}},"fnMap":{"0":{"name":"(anonymous_0)","decl":{"start":{"line":3,"column":31},"end":{"line":3,"column":32}},"loc":{"start":{"line":3,"column":57},"end":{"line":5,"column":1}},"line":3}},"branchMap":{},"s":{"0":1,"1":1,"2":0,"3":1},"f":{"0":0},"b":{},"_coverageSchema":"1a1c01bbd47fc00a2c39e90264f33305004495a9","hash":"57860f5aa901641b6dc14f20698adfa6c57b06d3"}
,"/mnt/1AF4BBB9F4BB960B/Web Dev/software-testing/repo/integration-testing/src/middlewares/devLogger.js": {"path":"/mnt/1AF4BBB9F4BB960B/Web Dev/software-testing/repo/integration-testing/src/middlewares/devLogger.js","statementMap":{"0":{"start":{"line":1,"column":15},"end":{"line":1,"column":32}},"1":{"start":{"line":2,"column":27},"end":{"line":2,"column":38}},"2":{"start":{"line":7,"column":18},"end":{"line":12,"column":1}},"3":{"start":{"line":9,"column":4},"end":{"line":11,"column":5}},"4":{"start":{"line":10,"column":8},"end":{"line":10,"column":31}},"5":{"start":{"line":14,"column":0},"end":{"line":14,"column":27}}},"fnMap":{"0":{"name":"(anonymous_0)","decl":{"start":{"line":7,"column":18},"end":{"line":7,"column":19}},"loc":{"start":{"line":7,"column":27},"end":{"line":12,"column":1}},"line":7}},"branchMap":{"0":{"loc":{"start":{"line":9,"column":4},"end":{"line":11,"column":5}},"type":"if","locations":[{"start":{"line":9,"column":4},"end":{"line":11,"column":5}},{"start":{},"end":{}}],"line":9}},"s":{"0":1,"1":1,"2":1,"3":1,"4":0,"5":1},"f":{"0":1},"b":{"0":[0,1]},"_coverageSchema":"1a1c01bbd47fc00a2c39e90264f33305004495a9","hash":"3dc41c6d604f419c9e7623efc08b7c2a6e7c596e"}
,"/mnt/1AF4BBB9F4BB960B/Web Dev/software-testing/repo/integration-testing/src/middlewares/error.js": {"path":"/mnt/1AF4BBB9F4BB960B/Web Dev/software-testing/repo/integration-testing/src/middlewares/error.js","statementMap":{"0":{"start":{"line":1,"column":28},"end":{"line":1,"column":53}},"1":{"start":{"line":8,"column":14},"end":{"line":14,"column":1}},"2":{"start":{"line":10,"column":4},"end":{"line":10,"column":57}},"3":{"start":{"line":13,"column":4},"end":{"line":13,"column":48}},"4":{"start":{"line":16,"column":0},"end":{"line":16,"column":23}}},"fnMap":{"0":{"name":"(anonymous_0)","decl":{"start":{"line":8,"column":14},"end":{"line":8,"column":15}},"loc":{"start":{"line":8,"column":23},"end":{"line":14,"column":1}},"line":8}},"branchMap":{},"s":{"0":1,"1":1,"2":1,"3":1,"4":1},"f":{"0":1},"b":{},"_coverageSchema":"1a1c01bbd47fc00a2c39e90264f33305004495a9","hash":"0132f75cef3bdef73247234f02aa54a23ec3ad98"}
,"/mnt/1AF4BBB9F4BB960B/Web Dev/software-testing/repo/integration-testing/src/middlewares/index.js": {"path":"/mnt/1AF4BBB9F4BB960B/Web Dev/software-testing/repo/integration-testing/src/middlewares/index.js","statementMap":{"0":{"start":{"line":1,"column":18},"end":{"line":1,"column":40}},"1":{"start":{"line":2,"column":15},"end":{"line":2,"column":34}},"2":{"start":{"line":3,"column":14},"end":{"line":3,"column":32}},"3":{"start":{"line":5,"column":0},"end":{"line":29,"column":2}},"4":{"start":{"line":6,"column":4},"end":{"line":28,"column":6}},"5":{"start":{"line":14,"column":12},"end":{"line":14,"column":27}},"6":{"start":{"line":17,"column":12},"end":{"line":17,"column":24}},"7":{"start":{"line":26,"column":12},"end":{"line":26,"column":23}}},"fnMap":{"0":{"name":"(anonymous_0)","decl":{"start":{"line":5,"column":17},"end":{"line":5,"column":18}},"loc":{"start":{"line":5,"column":26},"end":{"line":29,"column":1}},"line":5},"1":{"name":"(anonymous_1)","decl":{"start":{"line":12,"column":8},"end":{"line":12,"column":9}},"loc":{"start":{"line":12,"column":14},"end":{"line":18,"column":9}},"line":12},"2":{"name":"(anonymous_2)","decl":{"start":{"line":24,"column":8},"end":{"line":24,"column":9}},"loc":{"start":{"line":24,"column":15},"end":{"line":27,"column":9}},"line":24}},"branchMap":{},"s":{"0":1,"1":1,"2":1,"3":1,"4":1,"5":1,"6":1,"7":1},"f":{"0":1,"1":1,"2":1},"b":{},"_coverageSchema":"1a1c01bbd47fc00a2c39e90264f33305004495a9","hash":"29ce7bd1243755e9192cdd93e8902b4a68ad3142"}
,"/mnt/1AF4BBB9F4BB960B/Web Dev/software-testing/repo/integration-testing/src/middlewares/parser.js": {"path":"/mnt/1AF4BBB9F4BB960B/Web Dev/software-testing/repo/integration-testing/src/middlewares/parser.js","statementMap":{"0":{"start":{"line":1,"column":17},"end":{"line":1,"column":35}},"1":{"start":{"line":2,"column":21},"end":{"line":2,"column":45}},"2":{"start":{"line":9,"column":15},"end":{"line":15,"column":1}},"3":{"start":{"line":11,"column":4},"end":{"line":11,"column":20}},"4":{"start":{"line":14,"column":4},"end":{"line":14,"column":28}},"5":{"start":{"line":17,"column":0},"end":{"line":17,"column":24}}},"fnMap":{"0":{"name":"(anonymous_0)","decl":{"start":{"line":9,"column":15},"end":{"line":9,"column":16}},"loc":{"start":{"line":9,"column":24},"end":{"line":15,"column":1}},"line":9}},"branchMap":{},"s":{"0":1,"1":1,"2":1,"3":1,"4":1,"5":1},"f":{"0":1},"b":{},"_coverageSchema":"1a1c01bbd47fc00a2c39e90264f33305004495a9","hash":"e97bbdd90febd42e700c6dcdc089e7eb67b89622"}
,"/mnt/1AF4BBB9F4BB960B/Web Dev/software-testing/repo/integration-testing/src/models/Book.js": {"path":"/mnt/1AF4BBB9F4BB960B/Web Dev/software-testing/repo/integration-testing/src/models/Book.js","statementMap":{"0":{"start":{"line":1,"column":17},"end":{"line":1,"column":36}},"1":{"start":{"line":3,"column":19},"end":{"line":13,"column":2}},"2":{"start":{"line":15,"column":13},"end":{"line":15,"column":47}},"3":{"start":{"line":17,"column":0},"end":{"line":17,"column":22}}},"fnMap":{},"branchMap":{},"s":{"0":2,"1":2,"2":2,"3":2},"f":{},"b":{},"_coverageSchema":"1a1c01bbd47fc00a2c39e90264f33305004495a9","hash":"44bd712951987c1bb380d119c1aace1401c74ae7"}
,"/mnt/1AF4BBB9F4BB960B/Web Dev/software-testing/repo/integration-testing/src/models/index.js": {"path":"/mnt/1AF4BBB9F4BB960B/Web Dev/software-testing/repo/integration-testing/src/models/index.js","statementMap":{"0":{"start":{"line":1,"column":13},"end":{"line":1,"column":30}},"1":{"start":{"line":3,"column":0},"end":{"line":5,"column":2}}},"fnMap":{},"branchMap":{},"s":{"0":2,"1":2},"f":{},"b":{},"_coverageSchema":"1a1c01bbd47fc00a2c39e90264f33305004495a9","hash":"58b5f11c330de4a6321ed849355a593e1231ce67"}
,"/mnt/1AF4BBB9F4BB960B/Web Dev/software-testing/repo/integration-testing/src/routes/bookRoutes.js": {"path":"/mnt/1AF4BBB9F4BB960B/Web Dev/software-testing/repo/integration-testing/src/routes/bookRoutes.js","statementMap":{"0":{"start":{"line":1,"column":15},"end":{"line":1,"column":42}},"1":{"start":{"line":2,"column":27},"end":{"line":2,"column":52}},"2":{"start":{"line":4,"column":0},"end":{"line":7,"column":37}},"3":{"start":{"line":9,"column":0},"end":{"line":13,"column":39}},"4":{"start":{"line":15,"column":0},"end":{"line":15,"column":24}}},"fnMap":{},"branchMap":{},"s":{"0":1,"1":1,"2":1,"3":1,"4":1},"f":{},"b":{},"_coverageSchema":"1a1c01bbd47fc00a2c39e90264f33305004495a9","hash":"55cca7b03a1b551f373bcc7b02d300c92629269b"}
,"/mnt/1AF4BBB9F4BB960B/Web Dev/software-testing/repo/integration-testing/src/routes/index.js": {"path":"/mnt/1AF4BBB9F4BB960B/Web Dev/software-testing/repo/integration-testing/src/routes/index.js","statementMap":{"0":{"start":{"line":1,"column":19},"end":{"line":1,"column":42}},"1":{"start":{"line":3,"column":0},"end":{"line":5,"column":2}},"2":{"start":{"line":4,"column":4},"end":{"line":4,"column":41}}},"fnMap":{"0":{"name":"(anonymous_0)","decl":{"start":{"line":3,"column":17},"end":{"line":3,"column":18}},"loc":{"start":{"line":3,"column":26},"end":{"line":5,"column":1}},"line":3}},"branchMap":{},"s":{"0":1,"1":1,"2":1},"f":{"0":1},"b":{},"_coverageSchema":"1a1c01bbd47fc00a2c39e90264f33305004495a9","hash":"a6a1db564a5983500f7fb84a4418329a0d7a8d63"}
,"/mnt/1AF4BBB9F4BB960B/Web Dev/software-testing/repo/integration-testing/src/utils/APIFeatures.js": {"path":"/mnt/1AF4BBB9F4BB960B/Web Dev/software-testing/repo/integration-testing/src/utils/APIFeatures.js","statementMap":{"0":{"start":{"line":13,"column":8},"end":{"line":13,"column":34}},"1":{"start":{"line":14,"column":8},"end":{"line":16,"column":60}},"2":{"start":{"line":24,"column":8},"end":{"line":57,"column":9}},"3":{"start":{"line":26,"column":27},"end":{"line":26,"column":48}},"4":{"start":{"line":27,"column":12},"end":{"line":27,"column":75}},"5":{"start":{"line":27,"column":51},"end":{"line":27,"column":73}},"6":{"start":{"line":30,"column":29},"end":{"line":33,"column":13}},"7":{"start":{"line":32,"column":27},"end":{"line":32,"column":38}},"8":{"start":{"line":36,"column":12},"end":{"line":36,"column":44}},"9":{"start":{"line":39,"column":41},"end":{"line":46,"column":13}},"10":{"start":{"line":40,"column":16},"end":{"line":45,"column":19}},"11":{"start":{"line":41,"column":20},"end":{"line":44,"column":21}},"12":{"start":{"line":42,"column":24},"end":{"line":43,"column":61}},"13":{"start":{"line":49,"column":12},"end":{"line":49,"column":40}},"14":{"start":{"line":52,"column":12},"end":{"line":52,"column":41}},"15":{"start":{"line":54,"column":12},"end":{"line":54,"column":28}},"16":{"start":{"line":56,"column":12},"end":{"line":56,"column":22}},"17":{"start":{"line":66,"column":8},"end":{"line":76,"column":9}},"18":{"start":{"line":67,"column":25},"end":{"line":67,"column":30}},"19":{"start":{"line":69,"column":12},"end":{"line":71,"column":13}},"20":{"start":{"line":70,"column":16},"end":{"line":70,"column":78}},"21":{"start":{"line":73,"column":12},"end":{"line":73,"column":26}},"22":{"start":{"line":75,"column":12},"end":{"line":75,"column":22}},"23":{"start":{"line":85,"column":8},"end":{"line":101,"column":9}},"24":{"start":{"line":86,"column":32},"end":{"line":86,"column":38}},"25":{"start":{"line":88,"column":12},"end":{"line":96,"column":13}},"26":{"start":{"line":89,"column":16},"end":{"line":95,"column":31}},"27":{"start":{"line":98,"column":12},"end":{"line":98,"column":33}},"28":{"start":{"line":100,"column":12},"end":{"line":100,"column":22}},"29":{"start":{"line":105,"column":0},"end":{"line":105,"column":29}}},"fnMap":{"0":{"name":"(anonymous_0)","decl":{"start":{"line":12,"column":4},"end":{"line":12,"column":5}},"loc":{"start":{"line":12,"column":47},"end":{"line":17,"column":5}},"line":12},"1":{"name":"(anonymous_1)","decl":{"start":{"line":23,"column":4},"end":{"line":23,"column":5}},"loc":{"start":{"line":23,"column":25},"end":{"line":58,"column":5}},"line":23},"2":{"name":"(anonymous_2)","decl":{"start":{"line":27,"column":40},"end":{"line":27,"column":41}},"loc":{"start":{"line":27,"column":51},"end":{"line":27,"column":73}},"line":27},"3":{"name":"(anonymous_3)","decl":{"start":{"line":32,"column":16},"end":{"line":32,"column":17}},"loc":{"start":{"line":32,"column":27},"end":{"line":32,"column":38}},"line":32},"4":{"name":"(anonymous_4)","decl":{"start":{"line":39,"column":41},"end":{"line":39,"column":42}},"loc":{"start":{"line":39,"column":53},"end":{"line":46,"column":13}},"line":39},"5":{"name":"(anonymous_5)","decl":{"start":{"line":40,"column":46},"end":{"line":40,"column":47}},"loc":{"start":{"line":40,"column":55},"end":{"line":45,"column":17}},"line":40},"6":{"name":"(anonymous_6)","decl":{"start":{"line":65,"column":4},"end":{"line":65,"column":5}},"loc":{"start":{"line":65,"column":34},"end":{"line":77,"column":5}},"line":65},"7":{"name":"(anonymous_7)","decl":{"start":{"line":84,"column":4},"end":{"line":84,"column":5}},"loc":{"start":{"line":84,"column":36},"end":{"line":102,"column":5}},"line":84}},"branchMap":{"0":{"loc":{"start":{"line":12,"column":26},"end":{"line":12,"column":45}},"type":"default-arg","locations":[{"start":{"line":12,"column":43},"end":{"line":12,"column":45}}],"line":12},"1":{"loc":{"start":{"line":14,"column":30},"end":{"line":16,"column":59}},"type":"cond-expr","locations":[{"start":{"line":15,"column":14},"end":{"line":15,"column":28}},{"start":{"line":16,"column":14},"end":{"line":16,"column":59}}],"line":14},"2":{"loc":{"start":{"line":41,"column":20},"end":{"line":44,"column":21}},"type":"if","locations":[{"start":{"line":41,"column":20},"end":{"line":44,"column":21}},{"start":{},"end":{}}],"line":41},"3":{"loc":{"start":{"line":65,"column":21},"end":{"line":65,"column":32}},"type":"default-arg","locations":[{"start":{"line":65,"column":30},"end":{"line":65,"column":32}}],"line":65},"4":{"loc":{"start":{"line":69,"column":12},"end":{"line":71,"column":13}},"type":"if","locations":[{"start":{"line":69,"column":12},"end":{"line":71,"column":13}},{"start":{},"end":{}}],"line":69},"5":{"loc":{"start":{"line":69,"column":16},"end":{"line":69,"column":45}},"type":"binary-expr","locations":[{"start":{"line":69,"column":16},"end":{"line":69,"column":35}},{"start":{"line":69,"column":39},"end":{"line":69,"column":45}}],"line":69},"6":{"loc":{"start":{"line":70,"column":26},"end":{"line":70,"column":55}},"type":"binary-expr","locations":[{"start":{"line":70,"column":26},"end":{"line":70,"column":45}},{"start":{"line":70,"column":49},"end":{"line":70,"column":55}}],"line":70},"7":{"loc":{"start":{"line":84,"column":23},"end":{"line":84,"column":34}},"type":"default-arg","locations":[{"start":{"line":84,"column":32},"end":{"line":84,"column":34}}],"line":84},"8":{"loc":{"start":{"line":88,"column":12},"end":{"line":96,"column":13}},"type":"if","locations":[{"start":{"line":88,"column":12},"end":{"line":96,"column":13}},{"start":{},"end":{}}],"line":88},"9":{"loc":{"start":{"line":88,"column":16},"end":{"line":88,"column":72}},"type":"binary-expr","locations":[{"start":{"line":88,"column":16},"end":{"line":88,"column":37}},{"start":{"line":88,"column":41},"end":{"line":88,"column":62}},{"start":{"line":88,"column":66},"end":{"line":88,"column":72}}],"line":88},"10":{"loc":{"start":{"line":90,"column":20},"end":{"line":92,"column":26}},"type":"binary-expr","locations":[{"start":{"line":90,"column":20},"end":{"line":90,"column":41}},{"start":{"line":91,"column":20},"end":{"line":91,"column":41}},{"start":{"line":92,"column":20},"end":{"line":92,"column":26}}],"line":90}},"s":{"0":4,"1":4,"2":2,"3":2,"4":2,"5":10,"6":2,"7":3,"8":2,"9":2,"10":4,"11":8,"12":2,"13":2,"14":2,"15":2,"16":0,"17":3,"18":3,"19":3,"20":2,"21":3,"22":0,"23":2,"24":2,"25":2,"26":1,"27":2,"28":0,"29":2},"f":{"0":4,"1":2,"2":10,"3":3,"4":4,"5":8,"6":3,"7":2},"b":{"0":[4],"1":[0,4],"2":[2,6],"3":[2],"4":[2,1],"5":[3,2],"6":[2,1],"7":[2],"8":[1,1],"9":[2,2,1],"10":[1,1,0]},"_coverageSchema":"1a1c01bbd47fc00a2c39e90264f33305004495a9","hash":"f85b63416dc120bbcdf5f8aa942f00cbeff29e2b"}
,"/mnt/1AF4BBB9F4BB960B/Web Dev/software-testing/repo/integration-testing/src/utils/AppError.js": {"path":"/mnt/1AF4BBB9F4BB960B/Web Dev/software-testing/repo/integration-testing/src/utils/AppError.js","statementMap":{"0":{"start":{"line":16,"column":8},"end":{"line":16,"column":23}},"1":{"start":{"line":17,"column":8},"end":{"line":17,"column":37}},"2":{"start":{"line":18,"column":8},"end":{"line":18,"column":73}},"3":{"start":{"line":19,"column":8},"end":{"line":19,"column":34}},"4":{"start":{"line":21,"column":8},"end":{"line":21,"column":56}},"5":{"start":{"line":25,"column":0},"end":{"line":25,"column":26}}},"fnMap":{"0":{"name":"(anonymous_0)","decl":{"start":{"line":15,"column":4},"end":{"line":15,"column":5}},"loc":{"start":{"line":15,"column":47},"end":{"line":22,"column":5}},"line":15}},"branchMap":{"0":{"loc":{"start":{"line":15,"column":16},"end":{"line":15,"column":28}},"type":"default-arg","locations":[{"start":{"line":15,"column":26},"end":{"line":15,"column":28}}],"line":15},"1":{"loc":{"start":{"line":15,"column":30},"end":{"line":15,"column":45}},"type":"default-arg","locations":[{"start":{"line":15,"column":43},"end":{"line":15,"column":45}}],"line":15},"2":{"loc":{"start":{"line":18,"column":22},"end":{"line":18,"column":72}},"type":"cond-expr","locations":[{"start":{"line":18,"column":56},"end":{"line":18,"column":62}},{"start":{"line":18,"column":65},"end":{"line":18,"column":72}}],"line":18}},"s":{"0":0,"1":0,"2":0,"3":0,"4":0,"5":2},"f":{"0":0},"b":{"0":[0],"1":[0],"2":[0,0]},"_coverageSchema":"1a1c01bbd47fc00a2c39e90264f33305004495a9","hash":"c617e7d6dcc3023ccba09d947348bf91514d6aa6"}
,"/mnt/1AF4BBB9F4BB960B/Web Dev/software-testing/repo/integration-testing/src/utils/catchAsync.js": {"path":"/mnt/1AF4BBB9F4BB960B/Web Dev/software-testing/repo/integration-testing/src/utils/catchAsync.js","statementMap":{"0":{"start":{"line":12,"column":19},"end":{"line":16,"column":1}},"1":{"start":{"line":13,"column":4},"end":{"line":15,"column":6}},"2":{"start":{"line":14,"column":8},"end":{"line":14,"column":39}},"3":{"start":{"line":18,"column":0},"end":{"line":18,"column":28}}},"fnMap":{"0":{"name":"(anonymous_0)","decl":{"start":{"line":12,"column":19},"end":{"line":12,"column":20}},"loc":{"start":{"line":12,"column":33},"end":{"line":16,"column":1}},"line":12},"1":{"name":"(anonymous_1)","decl":{"start":{"line":13,"column":11},"end":{"line":13,"column":12}},"loc":{"start":{"line":13,"column":37},"end":{"line":15,"column":5}},"line":13}},"branchMap":{},"s":{"0":2,"1":5,"2":0,"3":2},"f":{"0":5,"1":0},"b":{},"_coverageSchema":"1a1c01bbd47fc00a2c39e90264f33305004495a9","hash":"084d4b850ce28a636377be02d1e8e0ad146d7a1f"}
,"/mnt/1AF4BBB9F4BB960B/Web Dev/software-testing/repo/integration-testing/src/utils/index.js": {"path":"/mnt/1AF4BBB9F4BB960B/Web Dev/software-testing/repo/integration-testing/src/utils/index.js","statementMap":{"0":{"start":{"line":1,"column":17},"end":{"line":1,"column":38}},"1":{"start":{"line":2,"column":19},"end":{"line":2,"column":42}},"2":{"start":{"line":3,"column":28},"end":{"line":3,"column":60}},"3":{"start":{"line":4,"column":20},"end":{"line":4,"column":44}},"4":{"start":{"line":6,"column":0},"end":{"line":11,"column":2}}},"fnMap":{},"branchMap":{},"s":{"0":2,"1":2,"2":2,"3":2,"4":2},"f":{},"b":{},"_coverageSchema":"1a1c01bbd47fc00a2c39e90264f33305004495a9","hash":"27941eee506f717b2c4fb2c13dbc8a0b445415f1"}
,"/mnt/1AF4BBB9F4BB960B/Web Dev/software-testing/repo/integration-testing/src/utils/sendSuccessResponse.js": {"path":"/mnt/1AF4BBB9F4BB960B/Web Dev/software-testing/repo/integration-testing/src/utils/sendSuccessResponse.js","statementMap":{"0":{"start":{"line":31,"column":28},"end":{"line":101,"column":1}},"1":{"start":{"line":32,"column":43},"end":{"line":32,"column":50}},"2":{"start":{"line":33,"column":4},"end":{"line":33,"column":32}},"3":{"start":{"line":35,"column":4},"end":{"line":100,"column":6}},"4":{"start":{"line":53,"column":12},"end":{"line":53,"column":31}},"5":{"start":{"line":55,"column":16},"end":{"line":55,"column":27}},"6":{"start":{"line":57,"column":28},"end":{"line":63,"column":13}},"7":{"start":{"line":65,"column":12},"end":{"line":67,"column":13}},"8":{"start":{"line":66,"column":16},"end":{"line":66,"column":38}},"9":{"start":{"line":69,"column":12},"end":{"line":69,"column":51}},"10":{"start":{"line":70,"column":12},"end":{"line":70,"column":24}},"11":{"start":{"line":90,"column":55},"end":{"line":90,"column":62}},"12":{"start":{"line":92,"column":12},"end":{"line":98,"column":15}},"13":{"start":{"line":103,"column":0},"end":{"line":103,"column":37}}},"fnMap":{"0":{"name":"(anonymous_0)","decl":{"start":{"line":31,"column":28},"end":{"line":31,"column":29}},"loc":{"start":{"line":31,"column":74},"end":{"line":101,"column":1}},"line":31},"1":{"name":"(anonymous_1)","decl":{"start":{"line":51,"column":8},"end":{"line":51,"column":9}},"loc":{"start":{"line":51,"column":53},"end":{"line":71,"column":9}},"line":51},"2":{"name":"(anonymous_2)","decl":{"start":{"line":89,"column":8},"end":{"line":89,"column":9}},"loc":{"start":{"line":89,"column":59},"end":{"line":99,"column":9}},"line":89}},"branchMap":{"0":{"loc":{"start":{"line":31,"column":38},"end":{"line":31,"column":72}},"type":"default-arg","locations":[{"start":{"line":31,"column":48},"end":{"line":31,"column":72}}],"line":31},"1":{"loc":{"start":{"line":32,"column":22},"end":{"line":32,"column":38}},"type":"default-arg","locations":[{"start":{"line":32,"column":35},"end":{"line":32,"column":38}}],"line":32},"2":{"loc":{"start":{"line":51,"column":33},"end":{"line":51,"column":51}},"type":"default-arg","locations":[{"start":{"line":51,"column":46},"end":{"line":51,"column":51}}],"line":51},"3":{"loc":{"start":{"line":60,"column":25},"end":{"line":60,"column":73}},"type":"cond-expr","locations":[{"start":{"line":60,"column":38},"end":{"line":60,"column":39}},{"start":{"line":60,"column":42},"end":{"line":60,"column":73}}],"line":60},"4":{"loc":{"start":{"line":65,"column":12},"end":{"line":67,"column":13}},"type":"if","locations":[{"start":{"line":65,"column":12},"end":{"line":67,"column":13}},{"start":{},"end":{}}],"line":65},"5":{"loc":{"start":{"line":89,"column":13},"end":{"line":89,"column":57}},"type":"default-arg","locations":[{"start":{"line":89,"column":23},"end":{"line":89,"column":57}}],"line":89}},"s":{"0":2,"1":0,"2":0,"3":0,"4":0,"5":0,"6":0,"7":0,"8":0,"9":0,"10":0,"11":0,"12":0,"13":2},"f":{"0":0,"1":0,"2":0},"b":{"0":[0],"1":[0],"2":[0],"3":[0,0],"4":[0,0],"5":[0]},"_coverageSchema":"1a1c01bbd47fc00a2c39e90264f33305004495a9","hash":"c31a0532615361b01c1ae1aa48eed92977328067"}
}
