TN:
SF:server.js
FN:9,(anonymous_0)
FNF:1
FNH:1
FNDA:1,(anonymous_0)
DA:1,1
DA:3,1
DA:6,1
DA:9,1
DA:10,1
DA:15,1
DA:18,1
LF:7
LH:7
BRDA:6,0,0,0
BRF:1
BRH:0
end_of_record
TN:
SF:config/db.js
FN:23,(anonymous_0)
FN:33,(anonymous_1)
FNF:2
FNH:2
FNDA:2,(anonymous_0)
FNDA:2,(anonymous_1)
DA:1,2
DA:23,2
DA:25,2
DA:31,2
DA:34,2
DA:41,2
DA:43,2
LF:7
LH:7
BRF:0
BRH:0
end_of_record
TN:
SF:config/index.js
FNF:0
FNH:0
DA:1,2
DA:2,2
DA:3,2
DA:4,2
DA:6,2
DA:15,2
DA:18,2
DA:24,2
LF:8
LH:8
BRDA:20,0,0,2
BRDA:20,0,1,0
BRF:2
BRH:1
end_of_record
TN:
SF:src/app.js
FNF:0
FNH:0
DA:1,1
DA:2,1
DA:3,1
DA:5,1
DA:8,1
DA:11,1
DA:14,1
DA:17,1
DA:19,1
LF:9
LH:9
BRF:0
BRH:0
end_of_record
TN:
SF:src/controllers/CRUDController.js
FN:19,(anonymous_0)
FN:35,(anonymous_1)
FN:44,(anonymous_2)
FN:67,(anonymous_3)
FN:102,(anonymous_4)
FN:103,(anonymous_5)
FN:125,(anonymous_6)
FN:126,(anonymous_7)
FN:139,(anonymous_8)
FN:140,(anonymous_9)
FN:162,(anonymous_10)
FN:163,(anonymous_11)
FNF:12
FNH:6
FNDA:1,(anonymous_0)
FNDA:1,(anonymous_1)
FNDA:0,(anonymous_2)
FNDA:0,(anonymous_3)
FNDA:1,(anonymous_4)
FNDA:0,(anonymous_5)
FNDA:1,(anonymous_6)
FNDA:0,(anonymous_7)
FNDA:1,(anonymous_8)
FNDA:0,(anonymous_9)
FNDA:1,(anonymous_10)
FNDA:0,(anonymous_11)
DA:6,1
DA:7,1
DA:20,1
DA:21,1
DA:22,1
DA:44,1
DA:45,0
DA:46,0
DA:47,0
DA:50,0
DA:51,0
DA:57,0
DA:58,0
DA:64,0
DA:67,1
DA:69,0
DA:72,0
DA:73,0
DA:74,0
DA:75,0
DA:77,0
DA:78,0
DA:86,0
DA:88,0
DA:103,1
DA:104,0
DA:109,0
DA:110,0
DA:115,0
DA:126,1
DA:127,0
DA:129,0
DA:140,1
DA:141,0
DA:146,0
DA:147,0
DA:152,0
DA:163,1
DA:164,0
DA:166,0
DA:167,0
DA:172,0
DA:174,0
DA:181,1
LF:44
LH:12
BRDA:19,0,0,0
BRDA:36,1,0,1
BRDA:50,2,0,0
BRDA:50,2,1,0
BRDA:57,3,0,0
BRDA:57,3,1,0
BRDA:102,4,0,1
BRDA:109,5,0,0
BRDA:109,5,1,0
BRDA:146,6,0,0
BRDA:146,6,1,0
BRDA:166,7,0,0
BRDA:166,7,1,0
BRF:13
BRH:2
end_of_record
TN:
SF:src/controllers/Service.js
FN:9,(anonymous_0)
FN:19,(anonymous_1)
FN:29,(anonymous_2)
FN:45,(anonymous_3)
FN:74,(anonymous_4)
FN:92,(anonymous_5)
FN:96,(anonymous_6)
FN:108,(anonymous_7)
FN:122,(anonymous_8)
FN:136,(anonymous_9)
FNF:10
FNH:8
FNDA:2,(anonymous_0)
FNDA:2,(anonymous_1)
FNDA:2,(anonymous_2)
FNDA:2,(anonymous_3)
FNDA:0,(anonymous_4)
FNDA:1,(anonymous_5)
FNDA:0,(anonymous_6)
FNDA:1,(anonymous_7)
FNDA:1,(anonymous_8)
FNDA:1,(anonymous_9)
DA:10,2
DA:20,2
DA:21,2
DA:30,2
DA:31,2
DA:55,2
DA:63,2
DA:64,2
DA:66,2
DA:74,2
DA:77,2
DA:79,2
DA:81,0
DA:93,1
DA:96,1
DA:98,1
DA:100,1
DA:109,1
DA:111,1
DA:113,1
DA:123,1
DA:128,1
DA:137,1
DA:138,1
DA:142,2
LF:25
LH:24
BRDA:19,0,0,2
BRDA:31,1,0,1
BRDA:31,1,1,1
BRDA:46,2,0,2
BRDA:92,3,0,1
BRDA:108,4,0,0
BRDA:122,5,0,0
BRF:7
BRH:5
end_of_record
TN:
SF:src/controllers/bookController.js
FNF:0
FNH:0
DA:1,1
DA:2,1
DA:4,1
DA:10,1
DA:17,1
DA:24,1
DA:31,1
DA:38,1
DA:40,1
LF:9
LH:9
BRF:0
BRH:0
end_of_record
TN:
SF:src/controllers/globalErrorHandler.js
FN:10,(anonymous_0)
FN:21,(anonymous_1)
FN:33,(anonymous_2)
FN:34,(anonymous_3)
FN:47,(anonymous_4)
FN:66,(anonymous_5)
FN:92,(anonymous_6)
FNF:7
FNH:0
FNDA:0,(anonymous_0)
FNDA:0,(anonymous_1)
FNDA:0,(anonymous_2)
FNDA:0,(anonymous_3)
FNDA:0,(anonymous_4)
FNDA:0,(anonymous_5)
FNDA:0,(anonymous_6)
DA:1,1
DA:2,1
DA:10,1
DA:11,0
DA:12,0
DA:21,1
DA:22,0
DA:23,0
DA:24,0
DA:33,1
DA:34,0
DA:35,0
DA:37,0
DA:47,1
DA:48,0
DA:50,0
DA:66,1
DA:67,0
DA:68,0
DA:74,0
DA:76,0
DA:92,1
DA:93,0
DA:94,0
DA:96,0
DA:97,0
DA:99,0
DA:102,0
DA:103,0
DA:104,0
DA:105,0
DA:106,0
DA:107,0
DA:110,0
DA:114,1
LF:35
LH:9
BRDA:67,0,0,0
BRDA:67,0,1,0
BRDA:93,1,0,0
BRDA:93,1,1,0
BRDA:94,2,0,0
BRDA:94,2,1,0
BRDA:96,3,0,0
BRDA:96,3,1,0
BRDA:102,4,0,0
BRDA:102,4,1,0
BRDA:104,5,0,0
BRDA:104,5,1,0
BRDA:106,6,0,0
BRDA:106,6,1,0
BRF:14
BRH:0
end_of_record
TN:
SF:src/controllers/index.js
FNF:0
FNH:0
DA:1,1
DA:2,1
DA:3,1
DA:5,1
LF:4
LH:4
BRF:0
BRH:0
end_of_record
TN:
SF:src/controllers/undefinedRoutesHandler.js
FN:3,(anonymous_0)
FNF:1
FNH:0
FNDA:0,(anonymous_0)
DA:1,1
DA:3,1
DA:4,0
DA:7,1
LF:4
LH:3
BRF:0
BRH:0
end_of_record
TN:
SF:src/middlewares/devLogger.js
FN:7,(anonymous_0)
FNF:1
FNH:1
FNDA:1,(anonymous_0)
DA:1,1
DA:2,1
DA:7,1
DA:9,1
DA:10,0
DA:14,1
LF:6
LH:5
BRDA:9,0,0,0
BRDA:9,0,1,1
BRF:2
BRH:1
end_of_record
TN:
SF:src/middlewares/error.js
FN:8,(anonymous_0)
FNF:1
FNH:1
FNDA:1,(anonymous_0)
DA:1,1
DA:8,1
DA:10,1
DA:13,1
DA:16,1
LF:5
LH:5
BRF:0
BRH:0
end_of_record
TN:
SF:src/middlewares/index.js
FN:5,(anonymous_0)
FN:12,(anonymous_1)
FN:24,(anonymous_2)
FNF:3
FNH:3
FNDA:1,(anonymous_0)
FNDA:1,(anonymous_1)
FNDA:1,(anonymous_2)
DA:1,1
DA:2,1
DA:3,1
DA:5,1
DA:6,1
DA:14,1
DA:17,1
DA:26,1
LF:8
LH:8
BRF:0
BRH:0
end_of_record
TN:
SF:src/middlewares/parser.js
FN:9,(anonymous_0)
FNF:1
FNH:1
FNDA:1,(anonymous_0)
DA:1,1
DA:2,1
DA:9,1
DA:11,1
DA:14,1
DA:17,1
LF:6
LH:6
BRF:0
BRH:0
end_of_record
TN:
SF:src/models/Book.js
FNF:0
FNH:0
DA:1,2
DA:3,2
DA:15,2
DA:17,2
LF:4
LH:4
BRF:0
BRH:0
end_of_record
TN:
SF:src/models/index.js
FNF:0
FNH:0
DA:1,2
DA:3,2
LF:2
LH:2
BRF:0
BRH:0
end_of_record
TN:
SF:src/routes/bookRoutes.js
FNF:0
FNH:0
DA:1,1
DA:2,1
DA:4,1
DA:9,1
DA:15,1
LF:5
LH:5
BRF:0
BRH:0
end_of_record
TN:
SF:src/routes/index.js
FN:3,(anonymous_0)
FNF:1
FNH:1
FNDA:1,(anonymous_0)
DA:1,1
DA:3,1
DA:4,1
LF:3
LH:3
BRF:0
BRH:0
end_of_record
TN:
SF:src/utils/APIFeatures.js
FN:12,(anonymous_0)
FN:23,(anonymous_1)
FN:27,(anonymous_2)
FN:32,(anonymous_3)
FN:39,(anonymous_4)
FN:40,(anonymous_5)
FN:65,(anonymous_6)
FN:84,(anonymous_7)
FNF:8
FNH:8
FNDA:4,(anonymous_0)
FNDA:2,(anonymous_1)
FNDA:10,(anonymous_2)
FNDA:3,(anonymous_3)
FNDA:4,(anonymous_4)
FNDA:8,(anonymous_5)
FNDA:3,(anonymous_6)
FNDA:2,(anonymous_7)
DA:13,4
DA:14,4
DA:24,2
DA:26,2
DA:27,10
DA:30,2
DA:32,3
DA:36,2
DA:39,2
DA:40,4
DA:41,8
DA:42,2
DA:49,2
DA:52,2
DA:54,2
DA:56,0
DA:66,3
DA:67,3
DA:69,3
DA:70,2
DA:73,3
DA:75,0
DA:85,2
DA:86,2
DA:88,2
DA:89,1
DA:98,2
DA:100,0
DA:105,2
LF:29
LH:26
BRDA:12,0,0,4
BRDA:14,1,0,0
BRDA:14,1,1,4
BRDA:41,2,0,2
BRDA:41,2,1,6
BRDA:65,3,0,2
BRDA:69,4,0,2
BRDA:69,4,1,1
BRDA:69,5,0,3
BRDA:69,5,1,2
BRDA:70,6,0,2
BRDA:70,6,1,1
BRDA:84,7,0,2
BRDA:88,8,0,1
BRDA:88,8,1,1
BRDA:88,9,0,2
BRDA:88,9,1,2
BRDA:88,9,2,1
BRDA:90,10,0,1
BRDA:90,10,1,1
BRDA:90,10,2,0
BRF:21
BRH:19
end_of_record
TN:
SF:src/utils/AppError.js
FN:15,(anonymous_0)
FNF:1
FNH:0
FNDA:0,(anonymous_0)
DA:16,0
DA:17,0
DA:18,0
DA:19,0
DA:21,0
DA:25,2
LF:6
LH:1
BRDA:15,0,0,0
BRDA:15,1,0,0
BRDA:18,2,0,0
BRDA:18,2,1,0
BRF:4
BRH:0
end_of_record
TN:
SF:src/utils/catchAsync.js
FN:12,(anonymous_0)
FN:13,(anonymous_1)
FNF:2
FNH:1
FNDA:5,(anonymous_0)
FNDA:0,(anonymous_1)
DA:12,2
DA:13,5
DA:14,0
DA:18,2
LF:4
LH:3
BRF:0
BRH:0
end_of_record
TN:
SF:src/utils/index.js
FNF:0
FNH:0
DA:1,2
DA:2,2
DA:3,2
DA:4,2
DA:6,2
LF:5
LH:5
BRF:0
BRH:0
end_of_record
TN:
SF:src/utils/sendSuccessResponse.js
FN:31,(anonymous_0)
FN:51,(anonymous_1)
FN:89,(anonymous_2)
FNF:3
FNH:0
FNDA:0,(anonymous_0)
FNDA:0,(anonymous_1)
FNDA:0,(anonymous_2)
DA:31,2
DA:32,0
DA:33,0
DA:35,0
DA:53,0
DA:55,0
DA:57,0
DA:65,0
DA:66,0
DA:69,0
DA:70,0
DA:90,0
DA:92,0
DA:103,2
LF:14
LH:2
BRDA:31,0,0,0
BRDA:32,1,0,0
BRDA:51,2,0,0
BRDA:60,3,0,0
BRDA:60,3,1,0
BRDA:65,4,0,0
BRDA:65,4,1,0
BRDA:89,5,0,0
BRF:8
BRH:0
end_of_record
